This file contains any messages produced by compilers while
running configure, to aid debugging if configure makes a mistake.

It was created by configure, which was
generated by GNU Autoconf 2.57.  Invocation command line was

  $ ./configure 

## --------- ##
## Platform. ##
## --------- ##

hostname = localhost.localdomain
uname -m = i586
uname -r = 2.4.21-2
uname -s = Linux
uname -v = #10 ˜”À È¿Œ 29 13:50:50 EEST 2003

/usr/bin/uname -p = unknown
/bin/uname -X     = unknown

/bin/arch              = i586
/usr/bin/arch -k       = unknown
/usr/convex/getsysinfo = unknown
hostinfo               = unknown
/bin/machine           = unknown
/usr/bin/oslevel       = unknown
/bin/universe          = unknown

PATH: /bin
PATH: /usr/bin
PATH: /usr/X11R6/bin
PATH: /usr/local/bin
PATH: /home/Roman/bin


## ----------- ##
## Core tests. ##
## ----------- ##

configure:1486: checking for a BSD-compatible install
configure:1540: result: /usr/bin/install -c
configure:1551: checking whether build environment is sane
configure:1594: result: yes
configure:1619: WARNING: `missing' script is too old or missing
configure:1627: checking for gawk
configure:1643: found /bin/gawk
configure:1653: result: gawk
configure:1663: checking whether make sets $(MAKE)
configure:1683: result: yes
configure:1881: checking for gcc
configure:1897: found /usr/bin/gcc
configure:1907: result: gcc
configure:2151: checking for C compiler version
configure:2154: gcc --version </dev/null >&5
gcc (GCC) 3.2.2 20030222 (ASPLinux 3.2.2-5asp)
Copyright (C) 2002 Free Software Foundation, Inc.
This is free software; see the source for copying conditions.  There is NO
warranty; not even for MERCHANTABILITY or FITNESS FOR A PARTICULAR PURPOSE.

configure:2157: $? = 0
configure:2159: gcc -v </dev/null >&5
Reading specs from /usr/lib/gcc-lib/i386-asplinux-linux/3.2.2/specs
Configured with: ../configure --prefix=/usr --mandir=/usr/share/man --infodir=/usr/share/info --enable-shared --enable-threads=posix --disable-checking --with-system-zlib --enable-__cxa_atexit --host=i386-asplinux-linux
Thread model: posix
gcc version 3.2.2 20030222 (ASPLinux 3.2.2-5asp)
configure:2162: $? = 0
configure:2164: gcc -V </dev/null >&5
gcc: argument to `-V' is missing
configure:2167: $? = 1
configure:2191: checking for C compiler default output
configure:2194: gcc    conftest.c  >&5
configure:2197: $? = 0
configure:2243: result: a.out
configure:2248: checking whether the C compiler works
configure:2254: ./a.out
configure:2257: $? = 0
configure:2274: result: yes
configure:2281: checking whether we are cross compiling
configure:2283: result: no
configure:2286: checking for suffix of executables
configure:2288: gcc -o conftest    conftest.c  >&5
configure:2291: $? = 0
configure:2316: result: 
configure:2322: checking for suffix of object files
configure:2344: gcc -c   conftest.c >&5
configure:2347: $? = 0
configure:2369: result: o
configure:2373: checking whether we are using the GNU C compiler
configure:2398: gcc -c   conftest.c >&5
configure:2401: $? = 0
configure:2404: test -s conftest.o
configure:2407: $? = 0
configure:2420: result: yes
configure:2426: checking whether gcc accepts -g
configure:2448: gcc -c -g  conftest.c >&5
configure:2451: $? = 0
configure:2454: test -s conftest.o
configure:2457: $? = 0
configure:2468: result: yes
configure:2485: checking for gcc option to accept ANSI C
configure:2546: gcc  -c -g -O2  conftest.c >&5
configure:2549: $? = 0
configure:2552: test -s conftest.o
configure:2555: $? = 0
configure:2573: result: none needed
configure:2591: gcc -c -g -O2  conftest.c >&5
conftest.c:2: parse error before "me"
configure:2594: $? = 1
configure: failed program was:
| #ifndef __cplusplus
|   choke me
| #endif
configure:2722: checking for style of include used by make
configure:2750: result: GNU
configure:2778: checking dependency style of gcc
configure:2840: result: gcc3
configure:2897: checking for g++
configure:2913: found /usr/bin/g++
configure:2923: result: g++
configure:2939: checking for C++ compiler version
configure:2942: g++ --version </dev/null >&5
g++ (GCC) 3.2.2 20030222 (ASPLinux 3.2.2-5asp)
Copyright (C) 2002 Free Software Foundation, Inc.
This is free software; see the source for copying conditions.  There is NO
warranty; not even for MERCHANTABILITY or FITNESS FOR A PARTICULAR PURPOSE.

configure:2945: $? = 0
configure:2947: g++ -v </dev/null >&5
Reading specs from /usr/lib/gcc-lib/i386-asplinux-linux/3.2.2/specs
Configured with: ../configure --prefix=/usr --mandir=/usr/share/man --infodir=/usr/share/info --enable-shared --enable-threads=posix --disable-checking --with-system-zlib --enable-__cxa_atexit --host=i386-asplinux-linux
Thread model: posix
gcc version 3.2.2 20030222 (ASPLinux 3.2.2-5asp)
configure:2950: $? = 0
configure:2952: g++ -V </dev/null >&5
g++: argument to `-V' missing

configure:2955: $? = 1
configure:2958: checking whether we are using the GNU C++ compiler
configure:2983: g++ -c   conftest.cc >&5
configure:2986: $? = 0
configure:2989: test -s conftest.o
configure:2992: $? = 0
configure:3005: result: yes
configure:3011: checking whether g++ accepts -g
configure:3033: g++ -c -g  conftest.cc >&5
configure:3036: $? = 0
configure:3039: test -s conftest.o
configure:3042: $? = 0
configure:3053: result: yes
configure:3097: g++ -c -g -O2  conftest.cc >&5
configure:3100: $? = 0
configure:3103: test -s conftest.o
configure:3106: $? = 0
configure:3133: g++ -c -g -O2  conftest.cc >&5
configure: In function `int main()':
configure:3130: `exit' undeclared (first use this function)
configure:3130: (Each undeclared identifier is reported only once for each 
   function it appears in.)
configure:3136: $? = 1
configure: failed program was:
| #line 3116 "configure"
| /* confdefs.h.  */
| 
| #define PACKAGE_NAME ""
| #define PACKAGE_TARNAME ""
| #define PACKAGE_VERSION ""
| #define PACKAGE_STRING ""
| #define PACKAGE_BUGREPORT ""
| #define PACKAGE "OpenScada"
| #define VERSION "0.1"
| /* end confdefs.h.  */
| 
| int
| main ()
| {
| exit (42);
|   ;
|   return 0;
| }
configure:3097: g++ -c -g -O2  conftest.cc >&5
configure:3100: $? = 0
configure:3103: test -s conftest.o
configure:3106: $? = 0
configure:3133: g++ -c -g -O2  conftest.cc >&5
configure:3136: $? = 0
configure:3139: test -s conftest.o
configure:3142: $? = 0
configure:3167: checking dependency style of g++
configure:3229: result: gcc3
configure:3275: checking for ranlib
configure:3291: found /usr/bin/ranlib
configure:3302: result: ranlib
configure:3389: checking build system type
configure:3407: result: i586-pc-linux-gnu
configure:3415: checking host system type
configure:3429: result: i586-pc-linux-gnu
configure:3459: checking for ld used by GCC
configure:3522: result: /usr/bin/ld
configure:3531: checking if the linker (/usr/bin/ld) is GNU ld
GNU ld version 2.13.90.0.18 20030206
configure:3543: result: yes
configure:3548: checking for /usr/bin/ld option to reload object files
configure:3555: result: -r
configure:3560: checking for BSD-compatible nm
configure:3596: result: /usr/bin/nm -B
configure:3599: checking whether ln -s works
configure:3603: result: yes
configure:3610: checking how to recognise dependant libraries
configure:3788: result: pass_all
configure:3801: checking command to parse /usr/bin/nm -B output
configure:3882: gcc -c -g -O2  conftest.c >&5
configure:3885: $? = 0
configure:3889: /usr/bin/nm -B conftest.o \| sed -n -e 's/^.*[ 	]\([ABCDGISTW][ABCDGISTW]*\)[ 	][ 	]*\(\)\([_A-Za-z][_A-Za-z0-9]*\)$/\1 \2\3 \3/p' \> conftest.nm
configure:3892: $? = 0
configure:3944: gcc -o conftest -g -O2   conftest.c conftstm.o >&5
configure:3947: $? = 0
configure:3991: result: ok
configure:4000: checking how to run the C preprocessor
configure:4036: gcc -E  conftest.c
configure:4042: $? = 0
configure:4074: gcc -E  conftest.c
configure:4078:28: ac_nonexistent.h: No such file or directory
configure:4080: $? = 1
configure: failed program was:
| #line 4065 "configure"
| /* confdefs.h.  */
| 
| #define PACKAGE_NAME ""
| #define PACKAGE_TARNAME ""
| #define PACKAGE_VERSION ""
| #define PACKAGE_STRING ""
| #define PACKAGE_BUGREPORT ""
| #define PACKAGE "OpenScada"
| #define VERSION "0.1"
| #ifdef __cplusplus
| #include <stdlib.h>
| #endif
| /* end confdefs.h.  */
| #include <ac_nonexistent.h>
configure:4118: result: gcc -E
configure:4143: gcc -E  conftest.c
configure:4149: $? = 0
configure:4181: gcc -E  conftest.c
configure:4185:28: ac_nonexistent.h: No such file or directory
configure:4187: $? = 1
configure: failed program was:
| #line 4172 "configure"
| /* confdefs.h.  */
| 
| #define PACKAGE_NAME ""
| #define PACKAGE_TARNAME ""
| #define PACKAGE_VERSION ""
| #define PACKAGE_STRING ""
| #define PACKAGE_BUGREPORT ""
| #define PACKAGE "OpenScada"
| #define VERSION "0.1"
| #ifdef __cplusplus
| #include <stdlib.h>
| #endif
| /* end confdefs.h.  */
| #include <ac_nonexistent.h>
configure:4230: checking for egrep
configure:4240: result: grep -E
configure:4245: checking for ANSI C header files
configure:4271: gcc -c -g -O2  conftest.c >&5
configure:4274: $? = 0
configure:4277: test -s conftest.o
configure:4280: $? = 0
configure:4369: gcc -o conftest -g -O2   conftest.c  >&5
configure:4372: $? = 0
configure:4374: ./conftest
configure:4377: $? = 0
configure:4392: result: yes
configure:4416: checking for sys/types.h
configure:4433: gcc -c -g -O2  conftest.c >&5
configure:4436: $? = 0
configure:4439: test -s conftest.o
configure:4442: $? = 0
configure:4453: result: yes
configure:4416: checking for sys/stat.h
configure:4433: gcc -c -g -O2  conftest.c >&5
configure:4436: $? = 0
configure:4439: test -s conftest.o
configure:4442: $? = 0
configure:4453: result: yes
configure:4416: checking for stdlib.h
configure:4433: gcc -c -g -O2  conftest.c >&5
configure:4436: $? = 0
configure:4439: test -s conftest.o
configure:4442: $? = 0
configure:4453: result: yes
configure:4416: checking for string.h
configure:4433: gcc -c -g -O2  conftest.c >&5
configure:4436: $? = 0
configure:4439: test -s conftest.o
configure:4442: $? = 0
configure:4453: result: yes
configure:4416: checking for memory.h
configure:4433: gcc -c -g -O2  conftest.c >&5
configure:4436: $? = 0
configure:4439: test -s conftest.o
configure:4442: $? = 0
configure:4453: result: yes
configure:4416: checking for strings.h
configure:4433: gcc -c -g -O2  conftest.c >&5
configure:4436: $? = 0
configure:4439: test -s conftest.o
configure:4442: $? = 0
configure:4453: result: yes
configure:4416: checking for inttypes.h
configure:4433: gcc -c -g -O2  conftest.c >&5
configure:4436: $? = 0
configure:4439: test -s conftest.o
configure:4442: $? = 0
configure:4453: result: yes
configure:4416: checking for stdint.h
configure:4433: gcc -c -g -O2  conftest.c >&5
configure:4436: $? = 0
configure:4439: test -s conftest.o
configure:4442: $? = 0
configure:4453: result: yes
configure:4416: checking for unistd.h
configure:4433: gcc -c -g -O2  conftest.c >&5
configure:4436: $? = 0
configure:4439: test -s conftest.o
configure:4442: $? = 0
configure:4453: result: yes
configure:4479: checking dlfcn.h usability
configure:4492: gcc -c -g -O2  conftest.c >&5
configure:4495: $? = 0
configure:4498: test -s conftest.o
configure:4501: $? = 0
configure:4511: result: yes
configure:4515: checking dlfcn.h presence
configure:4526: gcc -E  conftest.c
configure:4532: $? = 0
configure:4551: result: yes
configure:4587: checking for dlfcn.h
configure:4594: result: yes
configure:4791: checking for ranlib
configure:4818: result: ranlib
configure:4871: checking for strip
configure:4887: found /usr/bin/strip
configure:4898: result: strip
configure:5108: checking for objdir
configure:5119: result: .libs
configure:5136: checking for gcc option to produce PIC
configure:5286: result: -fPIC
configure:5290: checking if gcc PIC flag -fPIC works
configure:5314: gcc -c -g -O2 -fPIC -DPIC  conftest.c >&5
configure:5317: $? = 0
configure:5320: test -s conftest.o
configure:5323: $? = 0
configure:5361: result: yes
configure:5377: checking if gcc static flag -static works
configure:5402: gcc -o conftest -g -O2   -static conftest.c  >&5
configure:5405: $? = 0
configure:5408: test -s conftest
configure:5411: $? = 0
configure:5427: result: yes
configure:5439: checking if gcc supports -c -o file.o
configure:5462: gcc -c -g -O2 -o out/conftest2.o  conftest.c >&5
configure:5483: result: yes
configure:5488: checking if gcc supports -c -o file.lo
configure:5516: gcc -c -g -O2 -c -o conftest.lo  conftest.c >&5
configure:5519: $? = 0
configure:5522: test -s conftest.lo
configure:5525: $? = 0
configure:5547: result: yes
configure:5578: checking if gcc supports -fno-rtti -fno-exceptions
configure:5601: gcc -c -g -O2 -fno-rtti -fno-exceptions -c conftest.c  conftest.c >&5
configure:5604: $? = 0
configure:5607: test -s conftest.o
configure:5610: $? = 0
configure:5627: result: yes
configure:5638: checking whether the linker (/usr/bin/ld) supports shared libraries
configure:6318: result: yes
configure:6323: checking how to hardcode library paths into programs
configure:6347: result: immediate
configure:6352: checking whether stripping libraries is possible
configure:6357: result: yes
configure:6368: checking dynamic linker characteristics
configure:6761: result: GNU/Linux ld.so
configure:6766: checking if libtool supports shared libraries
configure:6768: result: yes
configure:6771: checking whether to build shared libraries
configure:6792: result: yes
configure:6795: checking whether to build static libraries
configure:6799: result: yes
configure:7473: checking whether -lc should be explicitly linked in
configure:7481: gcc -c -g -O2  conftest.c >&5
configure:7484: $? = 0
configure:7498: gcc -shared conftest.o  -v -Wl,-soname -Wl,conftest -o conftest 2\>\&1 \| grep  -lc  \>/dev/null 2\>\&1
configure:7501: $? = 0
configure:7514: result: no
configure:8087: checking whether build environment is sane
configure:8130: result: yes
configure:8145: checking for a BSD-compatible install
configure:8199: result: /usr/bin/install -c
configure:8210: checking whether ln -s works
configure:8214: result: yes
configure:8221: checking whether make sets $(MAKE)
configure:8241: result: yes
configure:8251: checking for strerror in -lcposix
configure:8282: gcc -o conftest -g -O2   conftest.c -lcposix   >&5
/usr/bin/ld: cannot find -lcposix
collect2: ld returned 1 exit status
configure:8285: $? = 1
configure: failed program was:
| #line 8258 "configure"
| /* confdefs.h.  */
| 
| #define PACKAGE_NAME ""
| #define PACKAGE_TARNAME ""
| #define PACKAGE_VERSION ""
| #define PACKAGE_STRING ""
| #define PACKAGE_BUGREPORT ""
| #define PACKAGE "OpenScada"
| #define VERSION "0.1"
| #ifdef __cplusplus
| #include <stdlib.h>
| #endif
| #define STDC_HEADERS 1
| #define HAVE_SYS_TYPES_H 1
| #define HAVE_SYS_STAT_H 1
| #define HAVE_STDLIB_H 1
| #define HAVE_STRING_H 1
| #define HAVE_MEMORY_H 1
| #define HAVE_STRINGS_H 1
| #define HAVE_INTTYPES_H 1
| #define HAVE_STDINT_H 1
| #define HAVE_UNISTD_H 1
| #define HAVE_DLFCN_H 1
| /* end confdefs.h.  */
| 
| /* Override any gcc2 internal prototype to avoid an error.  */
| #ifdef __cplusplus
| extern "C"
| #endif
| /* We use char because int might match the return type of a gcc2
|    builtin and then its argument prototype would still apply.  */
| char strerror ();
| int
| main ()
| {
| strerror ();
|   ;
|   return 0;
| }
configure:8303: result: no
configure:8314: checking for ANSI C header files
configure:8461: result: yes
configure:8477: checking for string.h
configure:8482: result: yes
configure:8486: checking fcntl.h usability
configure:8499: gcc -c -g -O2  conftest.c >&5
configure:8502: $? = 0
configure:8505: test -s conftest.o
configure:8508: $? = 0
configure:8518: result: yes
configure:8522: checking fcntl.h presence
configure:8533: gcc -E  conftest.c
configure:8539: $? = 0
configure:8558: result: yes
configure:8594: checking for fcntl.h
configure:8601: result: yes
configure:8724: creating ./config.status

## ---------------------- ##
## Running config.status. ##
## ---------------------- ##

This file was extended by config.status, which was
generated by GNU Autoconf 2.57.  Invocation command line was

  CONFIG_FILES    = 
  CONFIG_HEADERS  = 
  CONFIG_LINKS    = 
  CONFIG_COMMANDS = 
  $ ./config.status 

on localhost.localdomain

config.status:676: creating Makefile
config.status:676: creating m4/Makefile
config.status:676: creating src/Makefile
config.status:676: creating src/moduls/Makefile
config.status:676: creating src/moduls/bd/Makefile
config.status:676: creating src/moduls/arhiv/Makefile
config.status:676: creating src/moduls/special/Makefile
config.status:676: creating src/moduls/transport/Makefile
config.status:676: creating src/moduls/protocol/Makefile
config.status:676: creating src/moduls/gui/Makefile
config.status:676: creating src/moduls/tcontr/Makefile
config.status:780: creating config.h
config.status:893: config.h is unchanged
config.status:999: executing depfiles commands

## ---------------- ##
## Cache variables. ##
## ---------------- ##

ac_cv_build=i586-pc-linux-gnu
ac_cv_build_alias=i586-pc-linux-gnu
ac_cv_c_compiler_gnu=yes
ac_cv_cxx_compiler_gnu=yes
ac_cv_env_CC_set=
ac_cv_env_CC_value=
ac_cv_env_CFLAGS_set=
ac_cv_env_CFLAGS_value=
ac_cv_env_CPPFLAGS_set=
ac_cv_env_CPPFLAGS_value=
ac_cv_env_CPP_set=
ac_cv_env_CPP_value=
ac_cv_env_CXXFLAGS_set=
ac_cv_env_CXXFLAGS_value=
ac_cv_env_CXX_set=
ac_cv_env_CXX_value=
ac_cv_env_LDFLAGS_set=
ac_cv_env_LDFLAGS_value=
ac_cv_env_build_alias_set=
ac_cv_env_build_alias_value=
ac_cv_env_host_alias_set=
ac_cv_env_host_alias_value=
ac_cv_env_target_alias_set=
ac_cv_env_target_alias_value=
ac_cv_exeext=
ac_cv_header_dlfcn_h=yes
ac_cv_header_fcntl_h=yes
ac_cv_header_inttypes_h=yes
ac_cv_header_memory_h=yes
ac_cv_header_stdc=yes
ac_cv_header_stdint_h=yes
ac_cv_header_stdlib_h=yes
ac_cv_header_string_h=yes
ac_cv_header_strings_h=yes
ac_cv_header_sys_stat_h=yes
ac_cv_header_sys_types_h=yes
ac_cv_header_unistd_h=yes
ac_cv_host=i586-pc-linux-gnu
ac_cv_host_alias=i586-pc-linux-gnu
ac_cv_lib_cposix_strerror=no
ac_cv_objext=o
ac_cv_path_install='/usr/bin/install -c'
ac_cv_prog_AWK=gawk
ac_cv_prog_CPP='gcc -E'
ac_cv_prog_ac_ct_CC=gcc
ac_cv_prog_ac_ct_CXX=g++
ac_cv_prog_ac_ct_RANLIB=ranlib
ac_cv_prog_ac_ct_STRIP=strip
ac_cv_prog_cc_g=yes
ac_cv_prog_cc_stdc=
ac_cv_prog_cxx_g=yes
ac_cv_prog_egrep='grep -E'
ac_cv_prog_make_make_set=yes
am_cv_CC_dependencies_compiler_type=gcc3
am_cv_CXX_dependencies_compiler_type=gcc3
lt_cv_archive_cmds_need_lc=no
lt_cv_compiler_c_o=yes
lt_cv_compiler_o_lo=yes
lt_cv_deplibs_check_method=pass_all
lt_cv_file_magic_cmd='$MAGIC_CMD'
lt_cv_file_magic_test_file='/lib/libc.so.6 /lib/libc-2.3.2.so'
lt_cv_global_symbol_to_c_name_address='sed -n -e '\''s/^: \([^ ]*\) $/  {\"\1\", (lt_ptr) 0},/p'\'' -e '\''s/^[BCDEGRST] \([^ ]*\) \([^ ]*\)$/  {"\2", (lt_ptr) \&\2},/p'\'''
lt_cv_global_symbol_to_cdecl='sed -n -e '\''s/^. .* \(.*\)$/extern char \1;/p'\'''
lt_cv_ld_reload_flag=-r
lt_cv_path_LD=/usr/bin/ld
lt_cv_path_NM='/usr/bin/nm -B'
lt_cv_prog_cc_can_build_shared=yes
lt_cv_prog_cc_no_builtin=
lt_cv_prog_cc_pic=' -fPIC'
lt_cv_prog_cc_pic_works=yes
lt_cv_prog_cc_shlib=
lt_cv_prog_cc_static=-static
lt_cv_prog_cc_static_works=yes
lt_cv_prog_cc_wl=-Wl,
lt_cv_prog_gnu_ld=yes
lt_cv_sys_global_symbol_pipe='sed -n -e '\''s/^.*[ 	]\([ABCDGISTW][ABCDGISTW]*\)[ 	][ 	]*\(\)\([_A-Za-z][_A-Za-z0-9]*\)$/\1 \2\3 \3/p'\'''

## ----------------- ##
## Output variables. ##
## ----------------- ##

ACLOCAL='aclocal-1.6'
AMDEPBACKSLASH='\'
AMDEP_FALSE='#'
AMDEP_TRUE=''
AMTAR='tar'
AUTOCONF='autoconf'
AUTOHEADER='autoheader'
AUTOMAKE='automake-1.6'
AWK='gawk'
CC='gcc'
CCDEPMODE='depmode=gcc3'
CFLAGS='-g -O2'
CPP='gcc -E'
CPPFLAGS=''
CXX='g++'
CXXDEPMODE='depmode=gcc3'
CXXFLAGS='-g -O2'
DEFS='-DHAVE_CONFIG_H'
DEPDIR='.deps'
ECHO='echo'
ECHO_C=''
ECHO_N='-n'
ECHO_T=''
EGREP='grep -E'
EXEEXT=''
INSTALL_DATA='${INSTALL} -m 644'
INSTALL_PROGRAM='${INSTALL}'
INSTALL_SCRIPT='${INSTALL}'
INSTALL_STRIP_PROGRAM='${SHELL} $(install_sh) -c -s'
LDFLAGS=''
LIBOBJS=''
LIBS=''
LIBTOOL='$(SHELL) $(top_builddir)/libtool --silent'
LN_S='ln -s'
LTLIBOBJS=''
MAKEINFO='makeinfo'
OBJEXT='o'
PACKAGE='OpenScada'
PACKAGE_BUGREPORT=''
PACKAGE_NAME=''
PACKAGE_STRING=''
PACKAGE_TARNAME=''
PACKAGE_VERSION=''
PATH_SEPARATOR=':'
RANLIB='ranlib'
SET_MAKE=''
SHELL='/bin/sh'
STRIP='strip'
VERSION='0.1'
ac_ct_CC='gcc'
ac_ct_CXX='g++'
ac_ct_RANLIB='ranlib'
ac_ct_STRIP='strip'
am__include='include'
am__quote=''
bindir='${exec_prefix}/bin'
build='i586-pc-linux-gnu'
build_alias=''
build_cpu='i586'
build_os='linux-gnu'
build_vendor='pc'
datadir='${prefix}/share'
exec_prefix='${prefix}'
host='i586-pc-linux-gnu'
host_alias=''
host_cpu='i586'
host_os='linux-gnu'
host_vendor='pc'
includedir='${prefix}/include'
infodir='${prefix}/info'
install_sh='/home/Roman/progects/OpenScada/install-sh'
libdir='${exec_prefix}/lib'
libexecdir='${exec_prefix}/libexec'
localedir='${prefix}/${DATADIRNAME}/locale'
localstatedir='${prefix}/var'
mandir='${prefix}/man'
oldincludedir='/usr/include'
prefix='/usr/local'
program_transform_name='s,x,x,'
sbindir='${exec_prefix}/sbin'
sharedstatedir='${prefix}/com'
sysconfdir='${prefix}/etc'
target_alias=''

## ----------- ##
## confdefs.h. ##
## ----------- ##

#define HAVE_DLFCN_H 1
#define HAVE_FCNTL_H 1
#define HAVE_INTTYPES_H 1
#define HAVE_MEMORY_H 1
#define HAVE_STDINT_H 1
#define HAVE_STDLIB_H 1
#define HAVE_STRINGS_H 1
#define HAVE_STRING_H 1
#define HAVE_STRING_H 1
#define HAVE_SYS_STAT_H 1
#define HAVE_SYS_TYPES_H 1
#define HAVE_UNISTD_H 1
#define PACKAGE "OpenScada"
#define PACKAGE_BUGREPORT ""
#define PACKAGE_NAME ""
#define PACKAGE_STRING ""
#define PACKAGE_TARNAME ""
#define PACKAGE_VERSION ""
#define STDC_HEADERS 1
#define STDC_HEADERS 1
#define VERSION "0.1"
#endif
#ifdef __cplusplus
#include <stdlib.h>

configure: exit 0
